<?xml version="1.0" encoding="UTF-8"?>
<!-- Generated by org.testng.reporters.JUnitReportReporter -->
<testsuite skipped="0" hostname="WKWIN5543692" name="Automation.GalenFramework.GalenJavaTest2" tests="1" failures="0" timestamp="18 Dec 2018 10:14:05 GMT" time="35.274" errors="0">
  <testcase name="welComePage" time="35.274" classname="Automation.GalenFramework.GalenJavaTest2"/>
</testsuite> <!-- Automation.GalenFramework.GalenJavaTest2 -->
